2022-11-12 09:23:16.228  INFO 2640 --- [RMI TCP Connection(582)-127.0.0.1] inMXBeanRegistrar$SpringApplicationAdmin : Application shutdown requested.
2022-11-12 09:23:16.344  INFO 2640 --- [RMI TCP Connection(582)-127.0.0.1] o.apache.catalina.core.StandardService   : Stopping service [Tomcat]
2022-11-12 09:23:16.353  INFO 2640 --- [RMI TCP Connection(582)-127.0.0.1] o.a.c.c.C.[Tomcat].[localhost].[/]       : Destroying Spring FrameworkServlet 'dispatcherServlet'
2022-11-12 09:24:47.930  INFO 1788 --- [restartedMain] c.i.fsj.SistemaNoticiasApplication       : Starting SistemaNoticiasApplication using Java 17.0.4.1 on LAPTOP-6JQRFUI0 with PID 1788 (C:\Users\edgam\Documents\workspace-spring-tool-suite-4-4.16.1.RELEASE\SistemaNoticias\target\classes started by edgam in C:\Users\edgam\Documents\workspace-spring-tool-suite-4-4.16.1.RELEASE\SistemaNoticias)
2022-11-12 09:24:47.936  INFO 1788 --- [restartedMain] c.i.fsj.SistemaNoticiasApplication       : No active profile set, falling back to 1 default profile: "default"
2022-11-12 09:24:48.102  INFO 1788 --- [restartedMain] .e.DevToolsPropertyDefaultsPostProcessor : Devtools property defaults active! Set 'spring.devtools.add-properties' to 'false' to disable
2022-11-12 09:24:48.103  INFO 1788 --- [restartedMain] .e.DevToolsPropertyDefaultsPostProcessor : For additional web related logging consider setting the 'logging.level.web' property to 'DEBUG'
2022-11-12 09:24:50.918  INFO 1788 --- [restartedMain] o.s.b.w.embedded.tomcat.TomcatWebServer  : Tomcat initialized with port(s): 8080 (http)
2022-11-12 09:24:50.960  INFO 1788 --- [restartedMain] o.apache.catalina.core.StandardService   : Starting service [Tomcat]
2022-11-12 09:24:50.964  INFO 1788 --- [restartedMain] org.apache.catalina.core.StandardEngine  : Starting Servlet engine: [Apache Tomcat/9.0.68]
2022-11-12 09:24:51.172  INFO 1788 --- [restartedMain] o.a.c.c.C.[Tomcat].[localhost].[/]       : Initializing Spring embedded WebApplicationContext
2022-11-12 09:24:51.174  INFO 1788 --- [restartedMain] w.s.c.ServletWebServerApplicationContext : Root WebApplicationContext: initialization completed in 3070 ms
2022-11-12 09:24:51.660 DEBUG 1788 --- [restartedMain] s.w.s.m.m.a.RequestMappingHandlerAdapter : ControllerAdvice beans: 0 @ModelAttribute, 0 @InitBinder, 1 RequestBodyAdvice, 1 ResponseBodyAdvice
2022-11-12 09:24:51.855 DEBUG 1788 --- [restartedMain] s.w.s.m.m.a.RequestMappingHandlerMapping : 3 mappings in 'requestMappingHandlerMapping'
2022-11-12 09:24:51.906 DEBUG 1788 --- [restartedMain] o.s.w.s.handler.SimpleUrlHandlerMapping  : Patterns [/webjars/**, /**] in 'resourceHandlerMapping'
2022-11-12 09:24:51.931 DEBUG 1788 --- [restartedMain] .m.m.a.ExceptionHandlerExceptionResolver : ControllerAdvice beans: 0 @ExceptionHandler, 1 ResponseBodyAdvice
2022-11-12 09:24:52.220  INFO 1788 --- [restartedMain] o.s.b.d.a.OptionalLiveReloadServer       : LiveReload server is running on port 35729
2022-11-12 09:24:52.336  INFO 1788 --- [restartedMain] o.s.b.w.embedded.tomcat.TomcatWebServer  : Tomcat started on port(s): 8080 (http) with context path ''
2022-11-12 09:24:52.362  INFO 1788 --- [restartedMain] c.i.fsj.SistemaNoticiasApplication       : Started SistemaNoticiasApplication in 5.678 seconds (JVM running for 10.773)
2022-11-12 09:24:57.393  INFO 1788 --- [http-nio-8080-exec-1] o.a.c.c.C.[Tomcat].[localhost].[/]       : Initializing Spring DispatcherServlet 'dispatcherServlet'
2022-11-12 09:24:57.395  INFO 1788 --- [http-nio-8080-exec-1] o.s.web.servlet.DispatcherServlet        : Initializing Servlet 'dispatcherServlet'
2022-11-12 09:24:57.397 DEBUG 1788 --- [http-nio-8080-exec-1] o.s.web.servlet.DispatcherServlet        : Detected StandardServletMultipartResolver
2022-11-12 09:24:57.398 DEBUG 1788 --- [http-nio-8080-exec-1] o.s.web.servlet.DispatcherServlet        : Detected AcceptHeaderLocaleResolver
2022-11-12 09:24:57.399 DEBUG 1788 --- [http-nio-8080-exec-1] o.s.web.servlet.DispatcherServlet        : Detected FixedThemeResolver
2022-11-12 09:24:57.402 DEBUG 1788 --- [http-nio-8080-exec-1] o.s.web.servlet.DispatcherServlet        : Detected org.springframework.web.servlet.view.DefaultRequestToViewNameTranslator@49c01fcd
2022-11-12 09:24:57.404 DEBUG 1788 --- [http-nio-8080-exec-1] o.s.web.servlet.DispatcherServlet        : Detected org.springframework.web.servlet.support.SessionFlashMapManager@7cdbdc25
2022-11-12 09:24:57.404 DEBUG 1788 --- [http-nio-8080-exec-1] o.s.web.servlet.DispatcherServlet        : enableLoggingRequestDetails='false': request parameters and headers will be masked to prevent unsafe logging of potentially sensitive data
2022-11-12 09:24:57.405  INFO 1788 --- [http-nio-8080-exec-1] o.s.web.servlet.DispatcherServlet        : Completed initialization in 9 ms
2022-11-12 09:24:57.459 DEBUG 1788 --- [http-nio-8080-exec-1] o.s.web.servlet.DispatcherServlet        : GET "/", parameters={}
2022-11-12 09:24:57.502 DEBUG 1788 --- [http-nio-8080-exec-1] s.w.s.m.m.a.RequestMappingHandlerMapping : Mapped to cl.infoclub.fsj.controller.HomeController#Main(Model)
2022-11-12 09:24:57.656  INFO 1788 --- [http-nio-8080-exec-1] c.i.fsj.controller.HomeController        : Titulo: Piñera defiende plazos del plan de descarbonización: "No podemos sacar plantas de energía y dejar al país a oscuras"
2022-11-12 09:24:57.656  INFO 1788 --- [http-nio-8080-exec-1] c.i.fsj.controller.HomeController        : Noticia: El Presidente indicó que si bien quisiéramos hacerlo antes, debe ser algo "gradual", recalcando que "tenemos que asegurarnos que cuando sacamos una planta va a existir otra fuente que provea la energía eléctrica que las familias necesitan".
2022-11-12 09:24:57.656  INFO 1788 --- [http-nio-8080-exec-1] c.i.fsj.controller.HomeController        : Imagen: https://static.emol.cl/emol50/Fotos/2019/06/05/file_20190605171930.jpg
2022-11-12 09:24:57.657  INFO 1788 --- [http-nio-8080-exec-1] c.i.fsj.controller.HomeController        : Titulo: Trenes rápidos a Valparaíso: Tarifas medias irían desde $5.500 a $5.890 y EFE advierte que duplican a las de buses
2022-11-12 09:24:57.657  INFO 1788 --- [http-nio-8080-exec-1] c.i.fsj.controller.HomeController        : Noticia: Así lo señalan documentos del acta de la sesión del Consejo de Concesiones del MOP realizada el pasado 24 de mayo, cuando se declararon de interés público los proyectos.
2022-11-12 09:24:57.658  INFO 1788 --- [http-nio-8080-exec-1] c.i.fsj.controller.HomeController        : Imagen: https://static.emol.cl/emol50/Fotos/2019/06/05/file_20190605075909.jpg
2022-11-12 09:24:57.660  INFO 1788 --- [http-nio-8080-exec-1] c.i.fsj.controller.HomeController        : Titulo: Nueva York podría ser el primer Estado en prohibir la amputación de garras a gatos: veterinarios se oponen
2022-11-12 09:24:57.661  INFO 1788 --- [http-nio-8080-exec-1] c.i.fsj.controller.HomeController        : Noticia: La propuesta ya fue aprobada y se espera que pase por la oficina del gobernador para convertirla en ley. Está previsto que quienes no cumplan con la norma se enfrenten a multas de hasta mil dólares (cerca de $700 mil).
2022-11-12 09:24:57.664  INFO 1788 --- [http-nio-8080-exec-1] c.i.fsj.controller.HomeController        : Imagen: https://static.emol.cl/emol50/Fotos/2019/06/04/file_20190604175922.jpg
2022-11-12 09:24:57.666  INFO 1788 --- [http-nio-8080-exec-1] c.i.fsj.controller.HomeController        : Titulo: Chadwick dice que se evalúa bajar dotación de carabineros en La Moneda y en la protección de senadores
2022-11-12 09:24:57.667  INFO 1788 --- [http-nio-8080-exec-1] c.i.fsj.controller.HomeController        : Noticia: La idea es poder aumentar la dotación en la calle. El ministro del Interior, además, confirmó que presentará ante la fiscalía antecedentes por las amenazas que ha recibido la diputada Carmen Hertz (PC).
2022-11-12 09:24:57.668  INFO 1788 --- [http-nio-8080-exec-1] c.i.fsj.controller.HomeController        : Imagen: https://static.emol.cl/emol50/Fotos/2019/06/05/file_20190605124143.jpg
2022-11-12 09:24:57.668  INFO 1788 --- [http-nio-8080-exec-1] c.i.fsj.controller.HomeController        : Titulo: Los mejores equipos y las selecciones favoritas a quedarse con el título del Mundial femenino de Francia
2022-11-12 09:24:57.670  INFO 1788 --- [http-nio-8080-exec-1] c.i.fsj.controller.HomeController        : Noticia: Nueve combinados tienen pergaminos para poder coronarse en el certamen que arranca el próximo 7 de junio.
2022-11-12 09:24:57.671  INFO 1788 --- [http-nio-8080-exec-1] c.i.fsj.controller.HomeController        : Imagen: https://static.emol.cl/emol50/Fotos/2019/05/28/file_20190528175635.jpg
2022-11-12 09:24:57.709 DEBUG 1788 --- [http-nio-8080-exec-1] o.s.w.s.v.ContentNegotiatingViewResolver : Selected 'text/html' given [text/html, application/xhtml+xml, image/avif, image/webp, image/apng, application/xml;q=0.9, */*;q=0.8]
2022-11-12 09:24:58.547 DEBUG 1788 --- [http-nio-8080-exec-1] o.s.web.servlet.DispatcherServlet        : Completed 200 OK
2022-11-12 09:24:58.640 DEBUG 1788 --- [http-nio-8080-exec-2] o.s.web.servlet.DispatcherServlet        : GET "/css/main.css", parameters={}
2022-11-12 09:24:58.658 DEBUG 1788 --- [http-nio-8080-exec-2] o.s.w.s.handler.SimpleUrlHandlerMapping  : Mapped to ResourceHttpRequestHandler [classpath [META-INF/resources/], classpath [resources/], classpath [static/], classpath [public/], ServletContext [/]]
2022-11-12 09:24:58.703 DEBUG 1788 --- [http-nio-8080-exec-2] o.s.web.servlet.DispatcherServlet        : Completed 200 OK
2022-11-12 09:25:07.977  INFO 1788 --- [RMI TCP Connection(6)-127.0.0.1] inMXBeanRegistrar$SpringApplicationAdmin : Application shutdown requested.
2022-11-12 09:25:08.027  INFO 1788 --- [RMI TCP Connection(6)-127.0.0.1] o.apache.catalina.core.StandardService   : Stopping service [Tomcat]
2022-11-12 09:25:08.032  INFO 1788 --- [RMI TCP Connection(6)-127.0.0.1] o.a.c.c.C.[Tomcat].[localhost].[/]       : Destroying Spring FrameworkServlet 'dispatcherServlet'
